[2021-10-14 11:21:34] local.ERROR: Class 'DOMDocument' not found {"exception":"[object] (Error(code: 0): Class 'DOMDocument' not found at /mnt/c/xampp/htdocs/shop_site/vendor/symfony/dom-crawler/Crawler.php:1152)
[stacktrace]
#0 /mnt/c/xampp/htdocs/shop_site/vendor/symfony/dom-crawler/Crawler.php(1275): Symfony\\Component\\DomCrawler\\Crawler->parseXhtml()
#1 /mnt/c/xampp/htdocs/shop_site/vendor/symfony/dom-crawler/Crawler.php(192): Symfony\\Component\\DomCrawler\\Crawler->parseHtmlString()
#2 /mnt/c/xampp/htdocs/shop_site/vendor/symfony/dom-crawler/Crawler.php(176): Symfony\\Component\\DomCrawler\\Crawler->addHtmlContent()
#3 /mnt/c/xampp/htdocs/shop_site/vendor/symfony/browser-kit/AbstractBrowser.php(529): Symfony\\Component\\DomCrawler\\Crawler->addContent()
#4 /mnt/c/xampp/htdocs/shop_site/vendor/symfony/browser-kit/AbstractBrowser.php(423): Symfony\\Component\\BrowserKit\\AbstractBrowser->createCrawlerFromContent()
#5 /mnt/c/xampp/htdocs/shop_site/app/Console/Commands/ScrapeCommand.php(48): Symfony\\Component\\BrowserKit\\AbstractBrowser->request()
#6 /mnt/c/xampp/htdocs/shop_site/vendor/laravel/framework/src/Illuminate/Container/BoundMethod.php(36): App\\Console\\Commands\\ScrapeCommand->handle()
#7 /mnt/c/xampp/htdocs/shop_site/vendor/laravel/framework/src/Illuminate/Container/Util.php(37): Illuminate\\Container\\BoundMethod::Illuminate\\Container\\{closure}()
#8 /mnt/c/xampp/htdocs/shop_site/vendor/laravel/framework/src/Illuminate/Container/BoundMethod.php(93): Illuminate\\Container\\Util::unwrapIfClosure()
#9 /mnt/c/xampp/htdocs/shop_site/vendor/laravel/framework/src/Illuminate/Container/BoundMethod.php(37): Illuminate\\Container\\BoundMethod::callBoundMethod()
#10 /mnt/c/xampp/htdocs/shop_site/vendor/laravel/framework/src/Illuminate/Container/Container.php(596): Illuminate\\Container\\BoundMethod::call()
#11 /mnt/c/xampp/htdocs/shop_site/vendor/laravel/framework/src/Illuminate/Console/Command.php(134): Illuminate\\Container\\Container->call()
#12 /mnt/c/xampp/htdocs/shop_site/vendor/symfony/console/Command/Command.php(299): Illuminate\\Console\\Command->execute()
#13 /mnt/c/xampp/htdocs/shop_site/vendor/laravel/framework/src/Illuminate/Console/Command.php(121): Symfony\\Component\\Console\\Command\\Command->run()
#14 /mnt/c/xampp/htdocs/shop_site/vendor/symfony/console/Application.php(978): Illuminate\\Console\\Command->run()
#15 /mnt/c/xampp/htdocs/shop_site/vendor/symfony/console/Application.php(295): Symfony\\Component\\Console\\Application->doRunCommand()
#16 /mnt/c/xampp/htdocs/shop_site/vendor/symfony/console/Application.php(167): Symfony\\Component\\Console\\Application->doRun()
#17 /mnt/c/xampp/htdocs/shop_site/vendor/laravel/framework/src/Illuminate/Console/Application.php(93): Symfony\\Component\\Console\\Application->run()
#18 /mnt/c/xampp/htdocs/shop_site/vendor/laravel/framework/src/Illuminate/Foundation/Console/Kernel.php(129): Illuminate\\Console\\Application->run()
#19 /mnt/c/xampp/htdocs/shop_site/artisan(37): Illuminate\\Foundation\\Console\\Kernel->handle()
#20 {main}
"} 
